Command line:
   ALU_ALU_sch_tb_isim_beh.exe
     -simmode  gui
     -simrunnum  0
     -socket  64694

Thu Dec 01 13:32:45 2022


 Elaboration Time: 0.015625 sec

 Current Memory Usage: 5153.57 Meg

 Total Signals          : 114
 Total Nets             : 99
 Total Signal Drivers   : 45
 Total Blocks           : 20
 Total Primitive Blocks : 17
 Total Processes        : 31
 Total Traceable Variables  : 24
 Total Scalar Nets and Variables : 215
Total Line Count : 76

 Total Simulation Time: 0.015625 sec

 Current Memory Usage: 4996.29 Meg

Thu Dec 01 13:34:43 2022

