Command line:
   multiplexer_8_to_1_multiplexer_8_to_1_sch_tb_isim_beh.exe
     -simmode  gui
     -simrunnum  0
     -socket  56375

Tue Nov 29 16:25:33 2022


 Elaboration Time: 0.03125 sec

 Current Memory Usage: 5154.23 Meg

 Total Signals          : 25
 Total Nets             : 25
 Total Signal Drivers   : 17
 Total Blocks           : 3
 Total Primitive Blocks : 2
 Total Processes        : 20
 Total Traceable Variables  : 30
 Total Scalar Nets and Variables : 117
Total Line Count : 113

 Total Simulation Time: 0.0625 sec

 Current Memory Usage: 5468.8 Meg

Tue Nov 29 16:26:09 2022

