Command line:
   Datapath_Module_Datapath_Module_sch_tb_isim_beh.exe
     -simmode  gui
     -simrunnum  0
     -socket  57766

Sat Dec 03 15:09:33 2022


 Elaboration Time: 0.046875 sec

 Current Memory Usage: 5157.79 Meg

 Total Signals          : 1034
 Total Nets             : 796
 Total Signal Drivers   : 301
 Total Blocks           : 247
 Total Primitive Blocks : 227
 Total Processes        : 291
 Total Traceable Variables  : 84
 Total Scalar Nets and Variables : 9509
Total Line Count : 994

 Total Simulation Time: 0.171875 sec

 Current Memory Usage: 5157.79 Meg

Sat Dec 03 15:09:54 2022

