Command line:
   multiplexer_8_to_1_16_bit_multiplexer_8_to_1_16_bit_sch_tb_isim_beh.exe
     -simmode  gui
     -simrunnum  0
     -socket  56434

Tue Nov 29 16:35:41 2022


 Elaboration Time: 0.03125 sec

 Current Memory Usage: 5154.21 Meg

 Total Signals          : 25
 Total Nets             : 160
 Total Signal Drivers   : 17
 Total Blocks           : 3
 Total Primitive Blocks : 2
 Total Processes        : 20
 Total Traceable Variables  : 30
 Total Scalar Nets and Variables : 387
Total Line Count : 66

 Total Simulation Time: 0.078125 sec

 Current Memory Usage: 5468.78 Meg

Tue Nov 29 16:36:33 2022

