Command line:
   D_flip_flop_16_bit_D_flip_flop_16_bit_sch_tb_isim_beh.exe
     -simmode  gui
     -simrunnum  0
     -socket  64223

Thu Dec 01 10:39:25 2022


 Elaboration Time: 0.015625 sec

 Current Memory Usage: 5153.62 Meg

 Total Signals          : 18
 Total Nets             : 48
 Total Signal Drivers   : 10
 Total Blocks           : 3
 Total Primitive Blocks : 2
 Total Processes        : 14
 Total Traceable Variables  : 24
 Total Scalar Nets and Variables : 195
Total Line Count : 38

 Total Simulation Time: 0.015625 sec

 Current Memory Usage: 4996.33 Meg

Thu Dec 01 10:41:03 2022

