Command line:
   full_adder_full_adder_sch_tb_isim_beh.exe
     -simmode  gui
     -simrunnum  0
     -socket  64324

Thu Dec 01 11:10:37 2022


 Elaboration Time: 0.03125 sec

 Current Memory Usage: 5154.21 Meg

 Total Signals          : 20
 Total Nets             : 18
 Total Signal Drivers   : 10
 Total Blocks           : 3
 Total Primitive Blocks : 2
 Total Processes        : 11
 Total Traceable Variables  : 21
 Total Scalar Nets and Variables : 101
Total Line Count : 49

 Total Simulation Time: 0.03125 sec

 Current Memory Usage: 5154.21 Meg

Thu Dec 01 11:11:01 2022

