Command line:
   multiplexer_2_to_1_multiplexer_2_to_1_sch_tb_isim_beh.exe
     -simmode  gui
     -simrunnum  0
     -socket  55666

Thu Dec 01 14:21:54 2022


 Elaboration Time: 0.03125 sec

 Current Memory Usage: 5154.21 Meg

 Total Signals          : 18
 Total Nets             : 17
 Total Signal Drivers   : 9
 Total Blocks           : 3
 Total Primitive Blocks : 2
 Total Processes        : 11
 Total Traceable Variables  : 21
 Total Scalar Nets and Variables : 100
Total Line Count : 49

 Total Simulation Time: 0.046875 sec

 Current Memory Usage: 5154.21 Meg

Thu Dec 01 14:22:22 2022

