Command line:
   decoder_3_to_8_en_decoder_3_to_8_en_sch_tb_isim_beh.exe
     -simmode  gui
     -simrunnum  0
     -socket  56333

Tue Nov 29 16:15:24 2022


 Elaboration Time: 0.0625 sec

 Current Memory Usage: 5154.14 Meg

 Total Signals          : 25
 Total Nets             : 25
 Total Signal Drivers   : 17
 Total Blocks           : 3
 Total Primitive Blocks : 2
 Total Processes        : 20
 Total Traceable Variables  : 30
 Total Scalar Nets and Variables : 117
Total Line Count : 105

 Total Simulation Time: 0.109375 sec

 Current Memory Usage: 5154.14 Meg

Tue Nov 29 16:15:48 2022

