Command line:
   Instruction_Decode_Instruction_Decode_sch_tb_isim_beh.exe
     -simmode  gui
     -simrunnum  0
     -socket  57821

Sat Dec 03 15:30:38 2022


 Elaboration Time: 0.03125 sec

 Current Memory Usage: 5153.59 Meg

 Total Signals          : 80
 Total Nets             : 90
 Total Signal Drivers   : 52
 Total Blocks           : 3
 Total Primitive Blocks : 2
 Total Processes        : 54
 Total Traceable Variables  : 21
 Total Scalar Nets and Variables : 188
Total Line Count : 86

 Total Simulation Time: 0.046875 sec

 Current Memory Usage: 4681.73 Meg

Sat Dec 03 15:33:01 2022

