Command line:
   adder_16_bit_adder_16_bit_sch_tb_isim_beh.exe
     -simmode  gui
     -simrunnum  0
     -socket  64650

Thu Dec 01 13:26:03 2022


 Elaboration Time: 0.03125 sec

 Current Memory Usage: 5153.56 Meg

 Total Signals          : 102
 Total Nets             : 79
 Total Signal Drivers   : 40
 Total Blocks           : 19
 Total Primitive Blocks : 17
 Total Processes        : 26
 Total Traceable Variables  : 21
 Total Scalar Nets and Variables : 192
Total Line Count : 59

 Total Simulation Time: 0.046875 sec

 Current Memory Usage: 5153.56 Meg

Thu Dec 01 13:26:24 2022

