Command line:
   multiplexer_2_to_1_16_bit_multiplexer_2_to_1_16_bit_sch_tb_isim_beh.exe
     -simmode  gui
     -simrunnum  0
     -socket  55709

Thu Dec 01 14:32:27 2022


 Elaboration Time: 0.03125 sec

 Current Memory Usage: 5154.15 Meg

 Total Signals          : 82
 Total Nets             : 62
 Total Signal Drivers   : 24
 Total Blocks           : 19
 Total Primitive Blocks : 17
 Total Processes        : 26
 Total Traceable Variables  : 21
 Total Scalar Nets and Variables : 175
Total Line Count : 68

 Total Simulation Time: 0.03125 sec

 Current Memory Usage: 5468.73 Meg

Thu Dec 01 14:33:08 2022

